<?xml version="1.0" encoding="UTF-8"?>
<!-- Generated by org.testng.reporters.JUnitReportReporter -->
<testsuite skipped="0" hostname="Saroj" name="ebay_login_automation.TestScript" tests="3" failures="0" timestamp="21 Aug 2018 18:05:41 GMT" time="39.996" errors="0">
  <testcase name="googlesearch" time="5.380" classname="ebay_login_automation.TestScript"/>
  <testcase name="getlink" time="3.319" classname="ebay_login_automation.TestScript"/>
  <testcase name="signIn" time="31.297" classname="ebay_login_automation.TestScript"/>
</testsuite> <!-- ebay_login_automation.TestScript -->
